<?xml version="1.0" encoding="UTF-8"?>
<!-- Generated by org.testng.reporters.JUnitXMLReporter -->
<testsuite hostname="EBRDW42NLPC1017" ignored="0" name="Validating User login" tests="1" failures="1" timestamp="2021-07-23T11:50:35 IST" time="2.494" errors="0">
  <testcase name="feature" time="2.188" classname="com.automation.runners.TestRunner">
    <failure type="cucumber.runtime.CucumberException" message="java.lang.NullPointerException">
      <![CDATA[cucumber.runtime.CucumberException: java.lang.NullPointerException
at cucumber.api.testng.TestNGCucumberRunner.runCucumber(TestNGCucumberRunner.java:69)
at com.automation.runners.TestRunner.feature(TestRunner.java:39)
at java.util.ArrayList.forEach(Unknown Source)
Caused by: java.lang.NullPointerException
at com.automation.stepDefinitions.StepDefinitions.user_logged_in_to_Normes_application_as_a_Chief_Supervisor(StepDefinitions.java:23)
at âœ½.Given user logged in to Normes application as a Chief Supervisor(login.feature:6)
... Removed 27 stack frames]]>
    </failure>
  </testcase> <!-- feature -->
</testsuite> <!-- Validating User login -->
